09.07.2014
   * По правленные платежные сисистемы
     [*] По правлена Робокасаа 
     [+] Интеркасса преведенна на 2 версию
     [+] Теперь в письме о заказе клиенту предостовляются ссылки для оплаты заказа любой из включенных платежных систем
19.06.2014
   *  Не коректно отоброжало товары в родительской категории при выключеной опции "Отображать товар при отсутствии на складе" 
10.06.2014
   *  По правлено отоброжение новых товаров
03.06.2014
   *  Убрана отладочная информация из расширеного поиска
   *  По правленны сылки на товары в блоке в смотрели
01.06.2014
   *  Обновлены jquerty (1.11.1) и плагины (fancybox, tagcanvas)
   *  Обновлен ckeditor 
  [+] На мобильных устроствах спец предложения отоброжаются виде карусели
   *  Исправлена форма регистрации пользователей
   *  Обновлен модуль новинки
   
20.05.2014
  * Не остовлялись отзывы
  * При просмотре все статей 404
13.03.2014
  * Сумма корзины считалья без учета цены допов 
11.03.2014
  legosp 6.1.2 http://forum.legosp.net/index.php/topic,2967.0.html
03.03.2014
  legosp 6.1.1 http://forum.legosp.net/index.php/topic,2822.0.html
02.03.2014
  * На некоторых хостингах не выводился список сортировки (smarty/plugins/shared.escape_special_chars.php)
  * При некоторых ситуациях не коректно выводился товар отсутвуюший на складе (includes/category.php)
  * Оптимизация построения дерева категорий в админке в разделе товары (core/class/class.admin.php)
14.11.2013
  * Отсутствовал фаил 
23.10.2013
  * При не нахождении товара белый экран
10.10.2013
  * Раширенный поиск ( не искало в описании и с указанием цены)
15.08.2013
  * Не было WM - http://forum.legosp.net/index.php/topic,1758.0.html
  * Проблема с % в имени товара. 
23.07.2013
  * При смене префикса таблиц не отоброжались доп параметры 
22.07.2013
  * Не отключались товары в yandex.yml 
18.07.2013 
  * удаление валюты
  * удаление лого категории
  * возможность добовлять доставку с ценой 0
25.06.2013 fix elfinder
20.06.2013 Не отображался список статей
10.06.2013 Устарнениее SQL-инъекций через витрину сайта

